2025-10-14 16:05:58,453 [processing](INFO): Initializing backseat process (pilot lrauv based on marl)
2025-10-14 16:06:02,726 [Logger](CRITICAL): Uncaught exception
Traceback (most recent call last):
  File "./backseat_app/main.py", line 111, in <module>
    main()
  File "./backseat_app/main.py", line 107, in main
    backseat_app.spin()
  File "./backseat_app/main.py", line 75, in spin
    self.marl_processor.compute_new_heading()
  File "/home/maiv/lrauv_sim/lrauv-backseat-marl/backseat_app/processing.py", line 163, in compute_new_heading
    self.new_action = self.rl_tracking.newAction(self.target_address,-1,self.lrauv_pose,self.lrauv_depth,self.target_timestamp,new_range=False)
  File "/home/maiv/lrauv_sim/lrauv-backseat-marl/backseat_app/utils.py", line 931, in newAction
    self.action, self.target_predictions = self.agent_controller.get_action_and_predictions(
  File "/home/maiv/lrauv_sim/lrauv-backseat-marl/backseat_app/../jaxagent/jaxagent/production_agent.py", line 43, in get_action_and_predictions
    pred = tracker.update_and_predict(
  File "/home/maiv/lrauv_sim/lrauv-backseat-marl/backseat_app/../jaxagent/jaxagent/tracking/tracker.py", line 63, in update_and_predict
    self.pf_state, pred_xy = self.model.step_and_predict(
  File "/home/maiv/.local/lib/python3.8/site-packages/jax/_src/traceback_util.py", line 166, in reraise_with_filtered_traceback
    return fun(*args, **kwargs)
  File "/home/maiv/.local/lib/python3.8/site-packages/jax/_src/pjit.py", line 250, in cache_miss
    outs, out_flat, out_tree, args_flat, jaxpr = _python_pjit_helper(
  File "/home/maiv/.local/lib/python3.8/site-packages/jax/_src/pjit.py", line 158, in _python_pjit_helper
    args_flat, _, params, in_tree, out_tree, _ = infer_params_fn(
  File "/home/maiv/.local/lib/python3.8/site-packages/jax/_src/api.py", line 306, in infer_params
    return pjit.common_infer_params(pjit_info_args, *args, **kwargs)
  File "/home/maiv/.local/lib/python3.8/site-packages/jax/_src/pjit.py", line 505, in common_infer_params
    jaxpr, consts, canonicalized_out_shardings_flat = _pjit_jaxpr(
  File "/home/maiv/.local/lib/python3.8/site-packages/jax/_src/pjit.py", line 971, in _pjit_jaxpr
    jaxpr, final_consts, out_type = _create_pjit_jaxpr(
  File "/home/maiv/.local/lib/python3.8/site-packages/jax/_src/linear_util.py", line 345, in memoized_fun
    ans = call(fun, *args)
  File "/home/maiv/.local/lib/python3.8/site-packages/jax/_src/pjit.py", line 924, in _create_pjit_jaxpr
    jaxpr, global_out_avals, consts = pe.trace_to_jaxpr_dynamic(
  File "/home/maiv/.local/lib/python3.8/site-packages/jax/_src/profiler.py", line 314, in wrapper
    return func(*args, **kwargs)
  File "/home/maiv/.local/lib/python3.8/site-packages/jax/_src/interpreters/partial_eval.py", line 2155, in trace_to_jaxpr_dynamic
    jaxpr, out_avals, consts = trace_to_subjaxpr_dynamic(
  File "/home/maiv/.local/lib/python3.8/site-packages/jax/_src/interpreters/partial_eval.py", line 2177, in trace_to_subjaxpr_dynamic
    ans = fun.call_wrapped(*in_tracers_)
  File "/home/maiv/.local/lib/python3.8/site-packages/jax/_src/linear_util.py", line 188, in call_wrapped
    ans = self.f(*args, **dict(self.params, **kwargs))
  File "/home/maiv/lrauv_sim/lrauv-backseat-marl/backseat_app/../jaxagent/jaxagent/tracking/particle_filter_jax.py", line 92, in step_and_predict
    state = self.resample_reinit_particles(key_resample, state, pos, obs, mask)
  File "/home/maiv/.local/lib/python3.8/site-packages/jax/_src/traceback_util.py", line 166, in reraise_with_filtered_traceback
    return fun(*args, **kwargs)
  File "/home/maiv/.local/lib/python3.8/site-packages/jax/_src/pjit.py", line 250, in cache_miss
    outs, out_flat, out_tree, args_flat, jaxpr = _python_pjit_helper(
  File "/home/maiv/.local/lib/python3.8/site-packages/jax/_src/pjit.py", line 158, in _python_pjit_helper
    args_flat, _, params, in_tree, out_tree, _ = infer_params_fn(
  File "/home/maiv/.local/lib/python3.8/site-packages/jax/_src/api.py", line 306, in infer_params
    return pjit.common_infer_params(pjit_info_args, *args, **kwargs)
  File "/home/maiv/.local/lib/python3.8/site-packages/jax/_src/pjit.py", line 505, in common_infer_params
    jaxpr, consts, canonicalized_out_shardings_flat = _pjit_jaxpr(
  File "/home/maiv/.local/lib/python3.8/site-packages/jax/_src/pjit.py", line 971, in _pjit_jaxpr
    jaxpr, final_consts, out_type = _create_pjit_jaxpr(
  File "/home/maiv/.local/lib/python3.8/site-packages/jax/_src/linear_util.py", line 345, in memoized_fun
    ans = call(fun, *args)
  File "/home/maiv/.local/lib/python3.8/site-packages/jax/_src/pjit.py", line 924, in _create_pjit_jaxpr
    jaxpr, global_out_avals, consts = pe.trace_to_jaxpr_dynamic(
  File "/home/maiv/.local/lib/python3.8/site-packages/jax/_src/profiler.py", line 314, in wrapper
    return func(*args, **kwargs)
  File "/home/maiv/.local/lib/python3.8/site-packages/jax/_src/interpreters/partial_eval.py", line 2155, in trace_to_jaxpr_dynamic
    jaxpr, out_avals, consts = trace_to_subjaxpr_dynamic(
  File "/home/maiv/.local/lib/python3.8/site-packages/jax/_src/interpreters/partial_eval.py", line 2177, in trace_to_subjaxpr_dynamic
    ans = fun.call_wrapped(*in_tracers_)
  File "/home/maiv/.local/lib/python3.8/site-packages/jax/_src/linear_util.py", line 188, in call_wrapped
    ans = self.f(*args, **dict(self.params, **kwargs))
  File "/home/maiv/lrauv_sim/lrauv-backseat-marl/backseat_app/../jaxagent/jaxagent/tracking/particle_filter_jax.py", line 215, in resample_reinit_particles
    obs_reinit = jax.lax.select(has_valid, obs[reinit_idx], 0.0)
  File "/home/maiv/.local/lib/python3.8/site-packages/jax/_src/lax/lax.py", line 914, in select
    return select_n_p.bind(pred, on_false, on_true)
  File "/home/maiv/.local/lib/python3.8/site-packages/jax/_src/core.py", line 380, in bind
    return self.bind_with_trace(find_top_trace(args), args, params)
  File "/home/maiv/.local/lib/python3.8/site-packages/jax/_src/core.py", line 383, in bind_with_trace
    out = trace.process_primitive(self, map(trace.full_raise, args), params)
  File "/home/maiv/.local/lib/python3.8/site-packages/jax/_src/interpreters/partial_eval.py", line 1855, in process_primitive
    return self.default_process_primitive(primitive, tracers, params)
  File "/home/maiv/.local/lib/python3.8/site-packages/jax/_src/interpreters/partial_eval.py", line 1859, in default_process_primitive
    out_avals, effects = primitive.abstract_eval(*avals, **params)
  File "/home/maiv/.local/lib/python3.8/site-packages/jax/_src/core.py", line 416, in abstract_eval_
    return abstract_eval(*args, **kwargs), no_effects
  File "/home/maiv/.local/lib/python3.8/site-packages/jax/_src/lax/utils.py", line 64, in standard_abstract_eval
    dtype_rule(*avals, **kwargs), weak_type=weak_type,
  File "/home/maiv/.local/lib/python3.8/site-packages/jax/_src/lax/lax.py", line 3411, in _select_dtype_rule
    check_same_dtypes("select", *cases)
  File "/home/maiv/.local/lib/python3.8/site-packages/jax/_src/lax/lax.py", line 4736, in check_same_dtypes
    raise TypeError(msg.format(name, ", ".join(str(a.dtype) for a in avals)))
jax._src.traceback_util.UnfilteredStackTrace: TypeError: lax.select requires arguments to have the same dtypes, got float32, int32. (Tip: jnp.where is a similar function that does automatic type promotion on inputs).

The stack trace below excludes JAX-internal frames.
The preceding is the original exception that occurred, unmodified.

--------------------

The above exception was the direct cause of the following exception:

Traceback (most recent call last):
  File "./backseat_app/main.py", line 111, in <module>
    main()
  File "./backseat_app/main.py", line 107, in main
    backseat_app.spin()
  File "./backseat_app/main.py", line 75, in spin
    self.marl_processor.compute_new_heading()
  File "/home/maiv/lrauv_sim/lrauv-backseat-marl/backseat_app/processing.py", line 163, in compute_new_heading
    self.new_action = self.rl_tracking.newAction(self.target_address,-1,self.lrauv_pose,self.lrauv_depth,self.target_timestamp,new_range=False)
  File "/home/maiv/lrauv_sim/lrauv-backseat-marl/backseat_app/utils.py", line 931, in newAction
    self.action, self.target_predictions = self.agent_controller.get_action_and_predictions(
  File "/home/maiv/lrauv_sim/lrauv-backseat-marl/backseat_app/../jaxagent/jaxagent/production_agent.py", line 43, in get_action_and_predictions
    pred = tracker.update_and_predict(
  File "/home/maiv/lrauv_sim/lrauv-backseat-marl/backseat_app/../jaxagent/jaxagent/tracking/tracker.py", line 63, in update_and_predict
    self.pf_state, pred_xy = self.model.step_and_predict(
  File "/home/maiv/lrauv_sim/lrauv-backseat-marl/backseat_app/../jaxagent/jaxagent/tracking/particle_filter_jax.py", line 92, in step_and_predict
    state = self.resample_reinit_particles(key_resample, state, pos, obs, mask)
  File "/home/maiv/lrauv_sim/lrauv-backseat-marl/backseat_app/../jaxagent/jaxagent/tracking/particle_filter_jax.py", line 215, in resample_reinit_particles
    obs_reinit = jax.lax.select(has_valid, obs[reinit_idx], 0.0)
TypeError: lax.select requires arguments to have the same dtypes, got float32, int32. (Tip: jnp.where is a similar function that does automatic type promotion on inputs).
